[2025-05-24T06:50:31.390+0000][69][info][gc,init] CardTable entry size: 512
[2025-05-24T06:50:31.392+0000][69][info][gc     ] Using G1
[2025-05-24T06:50:36.059+0000][69][info][gc,init] Version: 22+36-2370 (release)
[2025-05-24T06:50:36.061+0000][69][info][gc,init] CPUs: 12 total, 12 available
[2025-05-24T06:50:36.062+0000][69][info][gc,init] Memory: 7757M
[2025-05-24T06:50:36.063+0000][69][info][gc,init] Large Page Support: Disabled
[2025-05-24T06:50:36.064+0000][69][info][gc,init] NUMA Support: Disabled
[2025-05-24T06:50:36.064+0000][69][info][gc,init] Compressed Oops: Enabled (Zero based)
[2025-05-24T06:50:36.065+0000][69][info][gc,init] Heap Region Size: 4M
[2025-05-24T06:50:36.065+0000][69][info][gc,init] Heap Min Capacity: 3880M
[2025-05-24T06:50:36.065+0000][69][info][gc,init] Heap Initial Capacity: 3880M
[2025-05-24T06:50:36.066+0000][69][info][gc,init] Heap Max Capacity: 3880M
[2025-05-24T06:50:36.066+0000][69][info][gc,init] Pre-touch: Enabled
[2025-05-24T06:50:36.066+0000][69][info][gc,init] Parallel Workers: 10
[2025-05-24T06:50:36.067+0000][69][info][gc,init] Concurrent Workers: 3
[2025-05-24T06:50:36.067+0000][69][info][gc,init] Concurrent Refinement Workers: 10
[2025-05-24T06:50:36.068+0000][69][info][gc,init] Periodic GC: Disabled
[2025-05-24T06:50:36.451+0000][69][info][gc,metaspace] CDS archive(s) mapped at: [0x00007f6c3e000000-0x00007f6c3ec74000-0x00007f6c3ec74000), size 13058048, SharedBaseAddress: 0x00007f6c3e000000, ArchiveRelocationMode: 1.
[2025-05-24T06:50:36.453+0000][69][info][gc,metaspace] Compressed class space mapped at: 0x00007f6c3f000000-0x00007f6c7f000000, reserved size: 1073741824
[2025-05-24T06:50:36.454+0000][69][info][gc,metaspace] Narrow klass base: 0x00007f6c3e000000, Narrow klass shift: 0, Narrow klass range: 0x100000000
[2025-05-24T06:50:37.346+0000][69][info][safepoint   ] Safepoint "ICBufferFull", Time since last: 850609499 ns, Reaching safepoint: 29737 ns, Cleanup: 90439 ns, At safepoint: 24009 ns, Total: 144185 ns
[2025-05-24T06:50:38.151+0000][69][info][safepoint   ] Safepoint "ICBufferFull", Time since last: 804245979 ns, Reaching safepoint: 172926 ns, Cleanup: 210022 ns, At safepoint: 124635 ns, Total: 507583 ns
[2025-05-24T06:50:39.762+0000][69][info][safepoint   ] Safepoint "Cleanup", Time since last: 1611225618 ns, Reaching safepoint: 3081 ns, Cleanup: 81345 ns, At safepoint: 21315 ns, Total: 105741 ns
[2025-05-24T06:50:40.809+0000][69][info][safepoint   ] Safepoint "Cleanup", Time since last: 1047199186 ns, Reaching safepoint: 2348 ns, Cleanup: 62489 ns, At safepoint: 15944 ns, Total: 80781 ns
[2025-05-24T06:50:42.210+0000][69][info][safepoint   ] Safepoint "Cleanup", Time since last: 1400768041 ns, Reaching safepoint: 2099 ns, Cleanup: 55533 ns, At safepoint: 18777 ns, Total: 76409 ns
[2025-05-24T06:50:43.797+0000][69][info][safepoint   ] Safepoint "Cleanup", Time since last: 1004579835 ns, Reaching safepoint: 582514902 ns, Cleanup: 21814 ns, At safepoint: 25619 ns, Total: 582562335 ns
[2025-05-24T06:50:45.382+0000][69][info][safepoint   ] Safepoint "Cleanup", Time since last: 1000953846 ns, Reaching safepoint: 583724964 ns, Cleanup: 17155 ns, At safepoint: 31775 ns, Total: 583773894 ns
[2025-05-24T06:50:48.514+0000][69][info][safepoint   ] Safepoint "Cleanup", Time since last: 3131883467 ns, Reaching safepoint: 135830 ns, Cleanup: 58152 ns, At safepoint: 186675 ns, Total: 380657 ns
[2025-05-24T06:50:49.468+0000][69][info][gc,start    ] GC(0) Pause Young (Concurrent Start) (Metadata GC Threshold)
[2025-05-24T06:50:49.469+0000][69][info][gc,task     ] GC(0) Using 10 workers of 10 for evacuation
[2025-05-24T06:50:49.469+0000][69][debug][gc,age      ] GC(0) Desired survivor size 12582912 bytes, new threshold 15 (max threshold 15)
[2025-05-24T06:50:49.481+0000][69][info ][gc,phases   ] GC(0)   Pre Evacuate Collection Set: 2.19ms
[2025-05-24T06:50:49.482+0000][69][info ][gc,phases   ] GC(0)   Merge Heap Roots: 0.25ms
[2025-05-24T06:50:49.482+0000][69][info ][gc,phases   ] GC(0)   Evacuate Collection Set: 4.53ms
[2025-05-24T06:50:49.482+0000][69][info ][gc,phases   ] GC(0)   Post Evacuate Collection Set: 3.60ms
[2025-05-24T06:50:49.483+0000][69][info ][gc,phases   ] GC(0)   Other: 2.21ms
[2025-05-24T06:50:49.483+0000][69][trace][gc,age      ] GC(0) Age table with threshold 15 (max threshold 15)
[2025-05-24T06:50:49.484+0000][69][trace][gc,age      ] GC(0) - age   1:   10196848 bytes,   10196848 total
[2025-05-24T06:50:49.484+0000][69][info ][gc,heap     ] GC(0) Eden regions: 44->0(45)
[2025-05-24T06:50:49.484+0000][69][info ][gc,heap     ] GC(0) Survivor regions: 0->3(6)
[2025-05-24T06:50:49.485+0000][69][info ][gc,heap     ] GC(0) Old regions: 1->1
[2025-05-24T06:50:49.486+0000][69][info ][gc,heap     ] GC(0) Humongous regions: 0->0
[2025-05-24T06:50:49.486+0000][69][info ][gc,metaspace] GC(0) Metaspace: 20953K(21504K)->20953K(21504K) NonClass: 18575K(18880K)->18575K(18880K) Class: 2378K(2624K)->2378K(2624K)
[2025-05-24T06:50:49.488+0000][69][info ][gc          ] GC(0) Pause Young (Concurrent Start) (Metadata GC Threshold) 177M->11M(3880M) 19.919ms
[2025-05-24T06:50:49.489+0000][69][info ][gc,cpu      ] GC(0) User=0.05s Sys=0.00s Real=0.02s
[2025-05-24T06:50:49.489+0000][69][info ][gc          ] GC(1) Concurrent Mark Cycle
[2025-05-24T06:50:49.489+0000][69][info ][safepoint   ] Safepoint "CollectForMetadataAllocation", Time since last: 952861617 ns, Reaching safepoint: 104660 ns, Cleanup: 97805 ns, At safepoint: 21894576 ns, Total: 22097041 ns
[2025-05-24T06:50:49.489+0000][69][info ][gc,marking  ] GC(1) Concurrent Scan Root Regions
[2025-05-24T06:50:49.495+0000][69][info ][gc,marking  ] GC(1) Concurrent Scan Root Regions 5.940ms
[2025-05-24T06:50:49.496+0000][69][info ][gc,marking  ] GC(1) Concurrent Mark
[2025-05-24T06:50:49.496+0000][69][info ][gc,marking  ] GC(1) Concurrent Mark From Roots
[2025-05-24T06:50:49.496+0000][69][info ][gc,task     ] GC(1) Using 3 workers of 3 for marking
[2025-05-24T06:50:49.499+0000][69][info ][gc,marking  ] GC(1) Concurrent Mark From Roots 2.773ms
[2025-05-24T06:50:49.499+0000][69][info ][gc,marking  ] GC(1) Concurrent Preclean
[2025-05-24T06:50:49.501+0000][69][info ][gc,marking  ] GC(1) Concurrent Preclean 1.434ms
[2025-05-24T06:50:49.502+0000][69][info ][gc,start    ] GC(1) Pause Remark
[2025-05-24T06:50:49.506+0000][69][info ][gc          ] GC(1) Pause Remark 15M->15M(3880M) 3.884ms
[2025-05-24T06:50:49.506+0000][69][info ][gc,cpu      ] GC(1) User=0.01s Sys=0.00s Real=0.01s
[2025-05-24T06:50:49.507+0000][69][info ][safepoint   ] Safepoint "G1PauseRemark", Time since last: 12052145 ns, Reaching safepoint: 226304 ns, Cleanup: 18081 ns, At safepoint: 4850867 ns, Total: 5095252 ns
[2025-05-24T06:50:49.507+0000][69][info ][gc,marking  ] GC(1) Concurrent Mark 11.186ms
[2025-05-24T06:50:49.507+0000][69][info ][gc,marking  ] GC(1) Concurrent Rebuild Remembered Sets and Scrub Regions
[2025-05-24T06:50:49.509+0000][69][info ][gc,marking  ] GC(1) Concurrent Rebuild Remembered Sets and Scrub Regions 1.335ms
[2025-05-24T06:50:49.509+0000][69][info ][gc,start    ] GC(1) Pause Cleanup
[2025-05-24T06:50:49.510+0000][69][info ][gc          ] GC(1) Pause Cleanup 15M->15M(3880M) 0.924ms
[2025-05-24T06:50:49.511+0000][69][info ][gc,cpu      ] GC(1) User=0.00s Sys=0.00s Real=0.00s
[2025-05-24T06:50:49.511+0000][69][info ][safepoint   ] Safepoint "G1PauseCleanup", Time since last: 2521549 ns, Reaching safepoint: 117735 ns, Cleanup: 12899 ns, At safepoint: 2086388 ns, Total: 2217022 ns
[2025-05-24T06:50:49.512+0000][69][info ][gc,marking  ] GC(1) Concurrent Clear Claimed Marks
[2025-05-24T06:50:49.512+0000][69][info ][gc,marking  ] GC(1) Concurrent Clear Claimed Marks 0.376ms
[2025-05-24T06:50:49.513+0000][69][info ][gc,marking  ] GC(1) Concurrent Cleanup for Next Mark
[2025-05-24T06:50:49.521+0000][69][info ][gc,marking  ] GC(1) Concurrent Cleanup for Next Mark 8.082ms
[2025-05-24T06:50:49.521+0000][69][info ][gc          ] GC(1) Concurrent Mark Cycle 32.518ms
[2025-05-24T06:50:50.443+0000][69][info ][safepoint   ] Safepoint "ICBufferFull", Time since last: 931323997 ns, Reaching safepoint: 6179 ns, Cleanup: 130122 ns, At safepoint: 10692 ns, Total: 146993 ns
[2025-05-24T06:50:50.689+0000][69][info ][gc,start    ] GC(2) Pause Young (Prepare Mixed) (G1 Evacuation Pause)
[2025-05-24T06:50:50.689+0000][69][info ][gc,task     ] GC(2) Using 10 workers of 10 for evacuation
[2025-05-24T06:50:50.690+0000][69][debug][gc,age      ] GC(2) Desired survivor size 12582912 bytes, new threshold 15 (max threshold 15)
[2025-05-24T06:50:50.701+0000][69][info ][gc,phases   ] GC(2)   Pre Evacuate Collection Set: 0.69ms
[2025-05-24T06:50:50.702+0000][69][info ][gc,phases   ] GC(2)   Merge Heap Roots: 0.57ms
[2025-05-24T06:50:50.702+0000][69][info ][gc,phases   ] GC(2)   Evacuate Collection Set: 7.11ms
[2025-05-24T06:50:50.703+0000][69][info ][gc,phases   ] GC(2)   Post Evacuate Collection Set: 2.64ms
[2025-05-24T06:50:50.704+0000][69][info ][gc,phases   ] GC(2)   Other: 0.95ms
[2025-05-24T06:50:50.704+0000][69][trace][gc,age      ] GC(2) Age table with threshold 15 (max threshold 15)
[2025-05-24T06:50:50.705+0000][69][trace][gc,age      ] GC(2) - age   1:    4753600 bytes,    4753600 total
[2025-05-24T06:50:50.705+0000][69][trace][gc,age      ] GC(2) - age   2:    9293784 bytes,   14047384 total
[2025-05-24T06:50:50.706+0000][69][info ][gc,heap     ] GC(2) Eden regions: 45->0(44)
[2025-05-24T06:50:50.706+0000][69][info ][gc,heap     ] GC(2) Survivor regions: 3->4(6)
[2025-05-24T06:50:50.707+0000][69][info ][gc,heap     ] GC(2) Old regions: 1->1
[2025-05-24T06:50:50.708+0000][69][info ][gc,heap     ] GC(2) Humongous regions: 0->0
[2025-05-24T06:50:50.709+0000][69][info ][gc,metaspace] GC(2) Metaspace: 27597K(28224K)->27597K(28224K) NonClass: 24482K(24832K)->24482K(24832K) Class: 3115K(3392K)->3115K(3392K)
[2025-05-24T06:50:50.709+0000][69][info ][gc          ] GC(2) Pause Young (Prepare Mixed) (G1 Evacuation Pause) 191M->15M(3880M) 20.438ms
[2025-05-24T06:50:50.709+0000][69][info ][gc,cpu      ] GC(2) User=0.07s Sys=0.00s Real=0.02s
[2025-05-24T06:50:50.710+0000][69][info ][safepoint   ] Safepoint "G1CollectForAllocation", Time since last: 245633746 ns, Reaching safepoint: 5236 ns, Cleanup: 103263 ns, At safepoint: 21666050 ns, Total: 21774549 ns
[2025-05-24T06:50:51.468+0000][69][info ][safepoint   ] Safepoint "ICBufferFull", Time since last: 757781399 ns, Reaching safepoint: 6504 ns, Cleanup: 143339 ns, At safepoint: 12717 ns, Total: 162560 ns
[2025-05-24T06:50:51.502+0000][69][info ][gc,start    ] GC(3) Pause Young (Mixed) (G1 Evacuation Pause)
[2025-05-24T06:50:51.502+0000][69][info ][gc,task     ] GC(3) Using 10 workers of 10 for evacuation
[2025-05-24T06:50:51.503+0000][69][debug][gc,age      ] GC(3) Desired survivor size 12582912 bytes, new threshold 2 (max threshold 15)
[2025-05-24T06:50:51.520+0000][69][info ][gc,phases   ] GC(3)   Pre Evacuate Collection Set: 0.30ms
[2025-05-24T06:50:51.521+0000][69][info ][gc,phases   ] GC(3)   Merge Heap Roots: 0.15ms
[2025-05-24T06:50:51.521+0000][69][info ][gc,phases   ] GC(3)   Evacuate Collection Set: 15.14ms
[2025-05-24T06:50:51.521+0000][69][info ][gc,phases   ] GC(3)   Post Evacuate Collection Set: 1.72ms
[2025-05-24T06:50:51.522+0000][69][info ][gc,phases   ] GC(3)   Other: 0.83ms
[2025-05-24T06:50:51.522+0000][69][trace][gc,age      ] GC(3) Age table with threshold 2 (max threshold 15)
[2025-05-24T06:50:51.522+0000][69][trace][gc,age      ] GC(3) - age   1:    4695680 bytes,    4695680 total
[2025-05-24T06:50:51.523+0000][69][trace][gc,age      ] GC(3) - age   2:    4727496 bytes,    9423176 total
[2025-05-24T06:50:51.523+0000][69][info ][gc,heap     ] GC(3) Eden regions: 44->0(104)
[2025-05-24T06:50:51.523+0000][69][info ][gc,heap     ] GC(3) Survivor regions: 4->3(6)
[2025-05-24T06:50:51.524+0000][69][info ][gc,heap     ] GC(3) Old regions: 1->3
[2025-05-24T06:50:51.524+0000][69][info ][gc,heap     ] GC(3) Humongous regions: 0->0
[2025-05-24T06:50:51.524+0000][69][info ][gc,metaspace] GC(3) Metaspace: 29282K(30016K)->29282K(30016K) NonClass: 25865K(26304K)->25865K(26304K) Class: 3417K(3712K)->3417K(3712K)
[2025-05-24T06:50:51.525+0000][69][info ][gc          ] GC(3) Pause Young (Mixed) (G1 Evacuation Pause) 191M->20M(3880M) 22.905ms
[2025-05-24T06:50:51.525+0000][69][info ][gc,cpu      ] GC(3) User=0.12s Sys=0.00s Real=0.03s
[2025-05-24T06:50:51.525+0000][69][info ][safepoint   ] Safepoint "G1CollectForAllocation", Time since last: 33555903 ns, Reaching safepoint: 5366 ns, Cleanup: 19779 ns, At safepoint: 23732438 ns, Total: 23757583 ns
[2025-05-24T06:50:52.251+0000][69][info ][safepoint   ] Safepoint "ICBufferFull", Time since last: 724942007 ns, Reaching safepoint: 5675 ns, Cleanup: 232477 ns, At safepoint: 77062 ns, Total: 315214 ns
[2025-05-24T06:50:53.333+0000][69][info ][gc,start    ] GC(4) Pause Young (Concurrent Start) (Metadata GC Threshold)
[2025-05-24T06:50:53.333+0000][69][info ][gc,task     ] GC(4) Using 10 workers of 10 for evacuation
[2025-05-24T06:50:53.334+0000][69][debug][gc,age      ] GC(4) Desired survivor size 29360128 bytes, new threshold 15 (max threshold 15)
[2025-05-24T06:50:53.342+0000][69][info ][gc,phases   ] GC(4)   Pre Evacuate Collection Set: 0.45ms
[2025-05-24T06:50:53.343+0000][69][info ][gc,phases   ] GC(4)   Merge Heap Roots: 0.63ms
[2025-05-24T06:50:53.343+0000][69][info ][gc,phases   ] GC(4)   Evacuate Collection Set: 4.65ms
[2025-05-24T06:50:53.344+0000][69][info ][gc,phases   ] GC(4)   Post Evacuate Collection Set: 2.03ms
[2025-05-24T06:50:53.344+0000][69][info ][gc,phases   ] GC(4)   Other: 0.92ms
[2025-05-24T06:50:53.345+0000][69][trace][gc,age      ] GC(4) Age table with threshold 15 (max threshold 15)
[2025-05-24T06:50:53.345+0000][69][trace][gc,age      ] GC(4) - age   1:    6721208 bytes,    6721208 total
[2025-05-24T06:50:53.346+0000][69][trace][gc,age      ] GC(4) - age   2:    3752392 bytes,   10473600 total
[2025-05-24T06:50:53.346+0000][69][trace][gc,age      ] GC(4) - age   3:    4725448 bytes,   15199048 total
[2025-05-24T06:50:53.346+0000][69][info ][gc,heap     ] GC(4) Eden regions: 102->0(577)
[2025-05-24T06:50:53.347+0000][69][info ][gc,heap     ] GC(4) Survivor regions: 3->5(14)
[2025-05-24T06:50:53.347+0000][69][info ][gc,heap     ] GC(4) Old regions: 3->3
[2025-05-24T06:50:53.347+0000][69][info ][gc,heap     ] GC(4) Humongous regions: 0->0
[2025-05-24T06:50:53.348+0000][69][info ][gc,metaspace] GC(4) Metaspace: 35311K(36096K)->35311K(36096K) NonClass: 31209K(31680K)->31209K(31680K) Class: 4101K(4416K)->4101K(4416K)
[2025-05-24T06:50:53.348+0000][69][info ][gc          ] GC(4) Pause Young (Concurrent Start) (Metadata GC Threshold) 426M->26M(3880M) 15.272ms
[2025-05-24T06:50:53.349+0000][69][info ][gc          ] GC(5) Concurrent Mark Cycle
[2025-05-24T06:50:53.349+0000][69][info ][gc,marking  ] GC(5) Concurrent Scan Root Regions
[2025-05-24T06:50:53.349+0000][69][info ][gc,cpu      ] GC(4) User=0.04s Sys=0.00s Real=0.02s
[2025-05-24T06:50:53.351+0000][69][info ][safepoint   ] Safepoint "CollectForMetadataAllocation", Time since last: 1081985424 ns, Reaching safepoint: 6113 ns, Cleanup: 130643 ns, At safepoint: 17725375 ns, Total: 17862131 ns
[2025-05-24T06:50:53.352+0000][69][info ][gc,marking  ] GC(5) Concurrent Scan Root Regions 2.965ms
[2025-05-24T06:50:53.352+0000][69][info ][gc,marking  ] GC(5) Concurrent Mark
[2025-05-24T06:50:53.355+0000][69][info ][gc,marking  ] GC(5) Concurrent Mark From Roots
[2025-05-24T06:50:53.355+0000][69][info ][gc,task     ] GC(5) Using 3 workers of 3 for marking
[2025-05-24T06:50:53.363+0000][69][info ][gc,marking  ] GC(5) Concurrent Mark From Roots 8.177ms
[2025-05-24T06:50:53.363+0000][69][info ][gc,marking  ] GC(5) Concurrent Preclean
[2025-05-24T06:50:53.364+0000][69][info ][gc,marking  ] GC(5) Concurrent Preclean 0.455ms
[2025-05-24T06:50:53.365+0000][69][info ][gc,start    ] GC(5) Pause Remark
[2025-05-24T06:50:53.372+0000][69][info ][gc          ] GC(5) Pause Remark 34M->34M(3880M) 6.756ms
[2025-05-24T06:50:53.372+0000][69][info ][gc,cpu      ] GC(5) User=0.02s Sys=0.00s Real=0.00s
[2025-05-24T06:50:53.373+0000][69][info ][safepoint   ] Safepoint "G1PauseRemark", Time since last: 14557856 ns, Reaching safepoint: 5888 ns, Cleanup: 15330 ns, At safepoint: 7597886 ns, Total: 7619104 ns
[2025-05-24T06:50:53.373+0000][69][info ][gc,marking  ] GC(5) Concurrent Mark 20.851ms
[2025-05-24T06:50:53.375+0000][69][info ][gc,marking  ] GC(5) Concurrent Rebuild Remembered Sets and Scrub Regions
[2025-05-24T06:50:53.381+0000][69][info ][gc,marking  ] GC(5) Concurrent Rebuild Remembered Sets and Scrub Regions 5.354ms
[2025-05-24T06:50:53.382+0000][69][info ][gc,start    ] GC(5) Pause Cleanup
[2025-05-24T06:50:53.383+0000][69][info ][gc          ] GC(5) Pause Cleanup 38M->38M(3880M) 0.784ms
[2025-05-24T06:50:53.383+0000][69][info ][gc,cpu      ] GC(5) User=0.00s Sys=0.00s Real=0.00s
[2025-05-24T06:50:53.383+0000][69][info ][safepoint   ] Safepoint "G1PauseCleanup", Time since last: 8838381 ns, Reaching safepoint: 159181 ns, Cleanup: 18151 ns, At safepoint: 1484354 ns, Total: 1661686 ns
[2025-05-24T06:50:53.384+0000][69][info ][gc,marking  ] GC(5) Concurrent Clear Claimed Marks
[2025-05-24T06:50:53.384+0000][69][info ][gc,marking  ] GC(5) Concurrent Clear Claimed Marks 0.501ms
[2025-05-24T06:50:53.384+0000][69][info ][gc,marking  ] GC(5) Concurrent Cleanup for Next Mark
[2025-05-24T06:50:53.388+0000][69][info ][gc,marking  ] GC(5) Concurrent Cleanup for Next Mark 3.502ms
[2025-05-24T06:50:53.389+0000][69][info ][gc          ] GC(5) Concurrent Mark Cycle 40.001ms
[2025-05-24T06:50:54.384+0000][69][info ][safepoint   ] Safepoint "Cleanup", Time since last: 1000439138 ns, Reaching safepoint: 162411 ns, Cleanup: 203341 ns, At safepoint: 114810 ns, Total: 480562 ns
[2025-05-24T06:50:55.385+0000][69][info ][safepoint   ] Safepoint "Cleanup", Time since last: 1000547687 ns, Reaching safepoint: 6158 ns, Cleanup: 84455 ns, At safepoint: 9348 ns, Total: 99961 ns
[2025-05-24T06:50:56.385+0000][69][info ][safepoint   ] Safepoint "Cleanup", Time since last: 1000461851 ns, Reaching safepoint: 4849 ns, Cleanup: 21003 ns, At safepoint: 7186 ns, Total: 33038 ns
[2025-05-24T06:50:57.386+0000][69][info ][safepoint   ] Safepoint "Cleanup", Time since last: 1000463892 ns, Reaching safepoint: 4414 ns, Cleanup: 14085 ns, At safepoint: 7192 ns, Total: 25691 ns
[2025-05-24T06:50:58.391+0000][69][info ][safepoint   ] Safepoint "Cleanup", Time since last: 1004980295 ns, Reaching safepoint: 4059 ns, Cleanup: 17947 ns, At safepoint: 8207 ns, Total: 30213 ns
[2025-05-24T06:51:00.392+0000][69][info ][safepoint   ] Safepoint "Cleanup", Time since last: 2000738080 ns, Reaching safepoint: 4765 ns, Cleanup: 36220 ns, At safepoint: 29562 ns, Total: 70547 ns
[2025-05-24T06:51:01.392+0000][69][info ][safepoint   ] Safepoint "Cleanup", Time since last: 1000511193 ns, Reaching safepoint: 4585 ns, Cleanup: 76417 ns, At safepoint: 8664 ns, Total: 89666 ns
[2025-05-24T06:51:02.408+0000][69][info ][safepoint   ] Safepoint "Cleanup", Time since last: 1015858480 ns, Reaching safepoint: 4462 ns, Cleanup: 23152 ns, At safepoint: 6837 ns, Total: 34451 ns
[2025-05-24T06:51:03.409+0000][69][info ][safepoint   ] Safepoint "Cleanup", Time since last: 1001167072 ns, Reaching safepoint: 5242 ns, Cleanup: 36086 ns, At safepoint: 6963 ns, Total: 48291 ns
[2025-05-24T06:51:04.411+0000][69][info ][safepoint   ] Safepoint "Cleanup", Time since last: 1001033056 ns, Reaching safepoint: 148706 ns, Cleanup: 167456 ns, At safepoint: 122143 ns, Total: 438305 ns
[2025-05-24T06:51:05.604+0000][69][info ][gc,start    ] GC(6) Pause Young (Concurrent Start) (Metadata GC Threshold)
[2025-05-24T06:51:05.604+0000][69][info ][gc,task     ] GC(6) Using 10 workers of 10 for evacuation
[2025-05-24T06:51:05.605+0000][69][debug][gc,age      ] GC(6) Desired survivor size 153092096 bytes, new threshold 15 (max threshold 15)
[2025-05-24T06:51:05.618+0000][69][info ][gc,phases   ] GC(6)   Pre Evacuate Collection Set: 0.47ms
[2025-05-24T06:51:05.618+0000][69][info ][gc,phases   ] GC(6)   Merge Heap Roots: 0.22ms
[2025-05-24T06:51:05.619+0000][69][info ][gc,phases   ] GC(6)   Evacuate Collection Set: 9.51ms
[2025-05-24T06:51:05.619+0000][69][info ][gc,phases   ] GC(6)   Post Evacuate Collection Set: 2.75ms
[2025-05-24T06:51:05.619+0000][69][info ][gc,phases   ] GC(6)   Other: 0.98ms
[2025-05-24T06:51:05.619+0000][69][trace][gc,age      ] GC(6) Age table with threshold 15 (max threshold 15)
[2025-05-24T06:51:05.619+0000][69][trace][gc,age      ] GC(6) - age   1:   14933424 bytes,   14933424 total
[2025-05-24T06:51:05.620+0000][69][trace][gc,age      ] GC(6) - age   2:    6683584 bytes,   21617008 total
[2025-05-24T06:51:05.620+0000][69][trace][gc,age      ] GC(6) - age   3:    3736000 bytes,   25353008 total
[2025-05-24T06:51:05.620+0000][69][trace][gc,age      ] GC(6) - age   4:    4710064 bytes,   30063072 total
[2025-05-24T06:51:05.620+0000][69][info ][gc,heap     ] GC(6) Eden regions: 226->0(210)
[2025-05-24T06:51:05.620+0000][69][info ][gc,heap     ] GC(6) Survivor regions: 5->8(73)
[2025-05-24T06:51:05.620+0000][69][info ][gc,heap     ] GC(6) Old regions: 3->3
[2025-05-24T06:51:05.621+0000][69][info ][gc,heap     ] GC(6) Humongous regions: 0->0
[2025-05-24T06:51:05.621+0000][69][info ][gc,metaspace] GC(6) Metaspace: 59093K(60416K)->59093K(60416K) NonClass: 51636K(52416K)->51636K(52416K) Class: 7456K(8000K)->7456K(8000K)
[2025-05-24T06:51:05.621+0000][69][info ][gc          ] GC(6) Pause Young (Concurrent Start) (Metadata GC Threshold) 928M->40M(3880M) 17.338ms
[2025-05-24T06:51:05.621+0000][69][info ][gc,cpu      ] GC(6) User=0.08s Sys=0.00s Real=0.01s
[2025-05-24T06:51:05.621+0000][69][info ][gc          ] GC(7) Concurrent Mark Cycle
[2025-05-24T06:51:05.622+0000][69][info ][gc,marking  ] GC(7) Concurrent Scan Root Regions
[2025-05-24T06:51:05.622+0000][69][info ][safepoint   ] Safepoint "CollectForMetadataAllocation", Time since last: 1193948701 ns, Reaching safepoint: 5717 ns, Cleanup: 144165 ns, At safepoint: 18153407 ns, Total: 18303289 ns
[2025-05-24T06:51:05.626+0000][69][info ][gc,marking  ] GC(7) Concurrent Scan Root Regions 4.773ms
[2025-05-24T06:51:05.627+0000][69][info ][gc,marking  ] GC(7) Concurrent Mark
[2025-05-24T06:51:05.627+0000][69][info ][gc,marking  ] GC(7) Concurrent Mark From Roots
[2025-05-24T06:51:05.627+0000][69][info ][gc,task     ] GC(7) Using 3 workers of 3 for marking
[2025-05-24T06:51:05.635+0000][69][info ][gc,marking  ] GC(7) Concurrent Mark From Roots 7.679ms
[2025-05-24T06:51:05.635+0000][69][info ][gc,marking  ] GC(7) Concurrent Preclean
[2025-05-24T06:51:05.636+0000][69][info ][gc,marking  ] GC(7) Concurrent Preclean 0.410ms
[2025-05-24T06:51:05.636+0000][69][info ][gc,start    ] GC(7) Pause Remark
[2025-05-24T06:51:05.642+0000][69][info ][gc          ] GC(7) Pause Remark 44M->44M(3880M) 6.133ms
[2025-05-24T06:51:05.643+0000][69][info ][gc,cpu      ] GC(7) User=0.02s Sys=0.00s Real=0.00s
[2025-05-24T06:51:05.643+0000][69][info ][safepoint   ] Safepoint "G1PauseRemark", Time since last: 14516520 ns, Reaching safepoint: 4933 ns, Cleanup: 12625 ns, At safepoint: 7157391 ns, Total: 7174949 ns
[2025-05-24T06:51:05.644+0000][69][info ][gc,marking  ] GC(7) Concurrent Mark 16.928ms
[2025-05-24T06:51:05.644+0000][69][info ][gc,marking  ] GC(7) Concurrent Rebuild Remembered Sets and Scrub Regions
[2025-05-24T06:51:05.646+0000][69][info ][gc,marking  ] GC(7) Concurrent Rebuild Remembered Sets and Scrub Regions 2.007ms
[2025-05-24T06:51:05.647+0000][69][info ][gc,start    ] GC(7) Pause Cleanup
[2025-05-24T06:51:05.648+0000][69][info ][gc          ] GC(7) Pause Cleanup 44M->44M(3880M) 1.545ms
[2025-05-24T06:51:05.648+0000][69][info ][gc,cpu      ] GC(7) User=0.00s Sys=0.00s Real=0.00s
[2025-05-24T06:51:05.649+0000][69][info ][safepoint   ] Safepoint "G1PauseCleanup", Time since last: 3115218 ns, Reaching safepoint: 4609 ns, Cleanup: 16851 ns, At safepoint: 2216958 ns, Total: 2238418 ns
[2025-05-24T06:51:05.650+0000][69][info ][gc,marking  ] GC(7) Concurrent Clear Claimed Marks
[2025-05-24T06:51:05.651+0000][69][info ][gc,marking  ] GC(7) Concurrent Clear Claimed Marks 0.825ms
[2025-05-24T06:51:05.651+0000][69][info ][gc,marking  ] GC(7) Concurrent Cleanup for Next Mark
[2025-05-24T06:51:05.654+0000][69][info ][gc,marking  ] GC(7) Concurrent Cleanup for Next Mark 2.416ms
[2025-05-24T06:51:05.654+0000][69][info ][gc          ] GC(7) Concurrent Mark Cycle 32.821ms
[2025-05-24T06:51:07.556+0000][69][info ][safepoint   ] Safepoint "Cleanup", Time since last: 1907166336 ns, Reaching safepoint: 133354 ns, Cleanup: 86095 ns, At safepoint: 33688 ns, Total: 253137 ns
[2025-05-24T06:51:08.742+0000][69][info ][safepoint   ] Safepoint "ICBufferFull", Time since last: 1185521941 ns, Reaching safepoint: 128965 ns, Cleanup: 112164 ns, At safepoint: 22518 ns, Total: 263647 ns
[2025-05-24T06:51:10.693+0000][69][info ][safepoint   ] Safepoint "Cleanup", Time since last: 1950542413 ns, Reaching safepoint: 6309 ns, Cleanup: 58090 ns, At safepoint: 7822 ns, Total: 72221 ns
[2025-05-24T06:51:13.803+0000][69][info ][safepoint   ] Safepoint "Cleanup", Time since last: 1697290573 ns, Reaching safepoint: 1412416413 ns, Cleanup: 179878 ns, At safepoint: 84719 ns, Total: 1412681010 ns
[2025-05-24T06:51:15.301+0000][69][info ][safepoint   ] Safepoint "Cleanup", Time since last: 1498402809 ns, Reaching safepoint: 185030 ns, Cleanup: 69965 ns, At safepoint: 30212 ns, Total: 285207 ns
[2025-05-24T06:51:16.526+0000][69][info ][safepoint   ] Safepoint "Cleanup", Time since last: 1224050552 ns, Reaching safepoint: 92749 ns, Cleanup: 114834 ns, At safepoint: 23227 ns, Total: 230810 ns
[2025-05-24T06:51:17.130+0000][69][info ][gc,start    ] GC(8) Pause Young (Concurrent Start) (Metadata GC Threshold)
[2025-05-24T06:51:17.130+0000][69][info ][gc,task     ] GC(8) Using 10 workers of 10 for evacuation
[2025-05-24T06:51:17.131+0000][69][debug][gc,age      ] GC(8) Desired survivor size 58720256 bytes, new threshold 15 (max threshold 15)
[2025-05-24T06:51:17.151+0000][69][info ][gc,phases   ] GC(8)   Pre Evacuate Collection Set: 0.52ms
[2025-05-24T06:51:17.151+0000][69][info ][gc,phases   ] GC(8)   Merge Heap Roots: 0.22ms
[2025-05-24T06:51:17.151+0000][69][info ][gc,phases   ] GC(8)   Evacuate Collection Set: 15.72ms
[2025-05-24T06:51:17.152+0000][69][info ][gc,phases   ] GC(8)   Post Evacuate Collection Set: 3.20ms
[2025-05-24T06:51:17.152+0000][69][info ][gc,phases   ] GC(8)   Other: 0.82ms
[2025-05-24T06:51:17.152+0000][69][trace][gc,age      ] GC(8) Age table with threshold 15 (max threshold 15)
[2025-05-24T06:51:17.153+0000][69][trace][gc,age      ] GC(8) - age   1:   21219008 bytes,   21219008 total
[2025-05-24T06:51:17.154+0000][69][trace][gc,age      ] GC(8) - age   2:   14309320 bytes,   35528328 total
[2025-05-24T06:51:17.154+0000][69][trace][gc,age      ] GC(8) - age   3:    6635264 bytes,   42163592 total
[2025-05-24T06:51:17.155+0000][69][trace][gc,age      ] GC(8) - age   4:    3715632 bytes,   45879224 total
[2025-05-24T06:51:17.155+0000][69][trace][gc,age      ] GC(8) - age   5:    4680600 bytes,   50559824 total
[2025-05-24T06:51:17.156+0000][69][info ][gc,heap     ] GC(8) Eden regions: 207->0(197)
[2025-05-24T06:51:17.157+0000][69][info ][gc,heap     ] GC(8) Survivor regions: 8->13(28)
[2025-05-24T06:51:17.157+0000][69][info ][gc,heap     ] GC(8) Old regions: 3->3
[2025-05-24T06:51:17.157+0000][69][info ][gc,heap     ] GC(8) Humongous regions: 0->0
[2025-05-24T06:51:17.158+0000][69][info ][gc,metaspace] GC(8) Metaspace: 99042K(100928K)->99042K(100928K) NonClass: 85916K(87040K)->85916K(87040K) Class: 13125K(13888K)->13125K(13888K)
[2025-05-24T06:51:17.158+0000][69][info ][gc          ] GC(8) Pause Young (Concurrent Start) (Metadata GC Threshold) 866M->62M(3880M) 28.579ms
[2025-05-24T06:51:17.158+0000][69][info ][gc,cpu      ] GC(8) User=0.15s Sys=0.00s Real=0.03s
[2025-05-24T06:51:17.158+0000][69][info ][gc          ] GC(9) Concurrent Mark Cycle
[2025-05-24T06:51:17.159+0000][69][info ][gc,marking  ] GC(9) Concurrent Scan Root Regions
[2025-05-24T06:51:17.159+0000][69][info ][safepoint   ] Safepoint "CollectForMetadataAllocation", Time since last: 603895911 ns, Reaching safepoint: 4740 ns, Cleanup: 72509 ns, At safepoint: 29255124 ns, Total: 29332373 ns
[2025-05-24T06:51:17.168+0000][69][info ][gc,marking  ] GC(9) Concurrent Scan Root Regions 9.286ms
[2025-05-24T06:51:17.169+0000][69][info ][gc,marking  ] GC(9) Concurrent Mark
[2025-05-24T06:51:17.169+0000][69][info ][gc,marking  ] GC(9) Concurrent Mark From Roots
[2025-05-24T06:51:17.169+0000][69][info ][gc,task     ] GC(9) Using 3 workers of 3 for marking
[2025-05-24T06:51:17.176+0000][69][info ][gc,marking  ] GC(9) Concurrent Mark From Roots 6.692ms
[2025-05-24T06:51:17.177+0000][69][info ][gc,marking  ] GC(9) Concurrent Preclean
[2025-05-24T06:51:17.178+0000][69][info ][gc,marking  ] GC(9) Concurrent Preclean 0.543ms
[2025-05-24T06:51:17.179+0000][69][info ][gc,start    ] GC(9) Pause Remark
[2025-05-24T06:51:17.184+0000][69][info ][gc          ] GC(9) Pause Remark 70M->70M(3880M) 4.770ms
[2025-05-24T06:51:17.185+0000][69][info ][gc,cpu      ] GC(9) User=0.01s Sys=0.00s Real=0.01s
[2025-05-24T06:51:17.186+0000][69][info ][safepoint   ] Safepoint "G1PauseRemark", Time since last: 19466727 ns, Reaching safepoint: 664309 ns, Cleanup: 11462 ns, At safepoint: 6658805 ns, Total: 7334576 ns
[2025-05-24T06:51:17.186+0000][69][info ][gc,marking  ] GC(9) Concurrent Mark 17.206ms
[2025-05-24T06:51:17.186+0000][69][info ][gc,marking  ] GC(9) Concurrent Rebuild Remembered Sets and Scrub Regions
[2025-05-24T06:51:17.188+0000][69][info ][gc,marking  ] GC(9) Concurrent Rebuild Remembered Sets and Scrub Regions 1.880ms
[2025-05-24T06:51:17.190+0000][69][info ][gc,start    ] GC(9) Pause Cleanup
[2025-05-24T06:51:17.191+0000][69][info ][gc          ] GC(9) Pause Cleanup 70M->70M(3880M) 0.943ms
[2025-05-24T06:51:17.191+0000][69][info ][gc,cpu      ] GC(9) User=0.01s Sys=0.00s Real=0.00s
[2025-05-24T06:51:17.192+0000][69][info ][safepoint   ] Safepoint "G1PauseCleanup", Time since last: 4128037 ns, Reaching safepoint: 90244 ns, Cleanup: 16393 ns, At safepoint: 2144118 ns, Total: 2250755 ns
[2025-05-24T06:51:17.193+0000][69][info ][gc,marking  ] GC(9) Concurrent Clear Claimed Marks
[2025-05-24T06:51:17.193+0000][69][info ][gc,marking  ] GC(9) Concurrent Clear Claimed Marks 0.678ms
[2025-05-24T06:51:17.194+0000][69][info ][gc,marking  ] GC(9) Concurrent Cleanup for Next Mark
[2025-05-24T06:51:17.198+0000][69][info ][gc,marking  ] GC(9) Concurrent Cleanup for Next Mark 4.356ms
[2025-05-24T06:51:17.198+0000][69][info ][gc          ] GC(9) Concurrent Mark Cycle 39.999ms
[2025-05-24T06:51:18.449+0000][69][info ][safepoint   ] Safepoint "Cleanup", Time since last: 1257272775 ns, Reaching safepoint: 6861 ns, Cleanup: 87147 ns, At safepoint: 7504 ns, Total: 101512 ns
[2025-05-24T06:51:19.455+0000][69][info ][safepoint   ] Safepoint "Cleanup", Time since last: 1005661530 ns, Reaching safepoint: 5520 ns, Cleanup: 53557 ns, At safepoint: 8902 ns, Total: 67979 ns
[2025-05-24T06:51:20.352+0000][69][info ][safepoint   ] Safepoint "ICBufferFull", Time since last: 897070161 ns, Reaching safepoint: 9582 ns, Cleanup: 222975 ns, At safepoint: 82446 ns, Total: 315003 ns
[2025-05-24T06:51:20.534+0000][69][info ][safepoint   ] Safepoint "ICBufferFull", Time since last: 181493760 ns, Reaching safepoint: 6571 ns, Cleanup: 135488 ns, At safepoint: 64453 ns, Total: 206512 ns
[2025-05-24T06:51:20.642+0000][69][info ][safepoint   ] Safepoint "ICBufferFull", Time since last: 107407291 ns, Reaching safepoint: 4593 ns, Cleanup: 63077 ns, At safepoint: 5597 ns, Total: 73267 ns
[2025-05-24T06:51:20.852+0000][69][info ][safepoint   ] Safepoint "ICBufferFull", Time since last: 210179384 ns, Reaching safepoint: 6638 ns, Cleanup: 94408 ns, At safepoint: 8324 ns, Total: 109370 ns
[2025-05-24T06:51:21.401+0000][69][info ][safepoint   ] Safepoint "ICBufferFull", Time since last: 549358880 ns, Reaching safepoint: 6693 ns, Cleanup: 105760 ns, At safepoint: 24405 ns, Total: 136858 ns
[2025-05-24T06:51:21.757+0000][69][info ][safepoint   ] Safepoint "ICBufferFull", Time since last: 355530364 ns, Reaching safepoint: 10048 ns, Cleanup: 98873 ns, At safepoint: 17669 ns, Total: 126590 ns
[2025-05-24T06:51:22.128+0000][69][info ][safepoint   ] Safepoint "ICBufferFull", Time since last: 371280706 ns, Reaching safepoint: 10969 ns, Cleanup: 93122 ns, At safepoint: 7335 ns, Total: 111426 ns
[2025-05-24T06:51:22.643+0000][69][info ][safepoint   ] Safepoint "ICBufferFull", Time since last: 514587759 ns, Reaching safepoint: 6409 ns, Cleanup: 196627 ns, At safepoint: 29204 ns, Total: 232240 ns
[2025-05-24T06:51:23.071+0000][69][info ][safepoint   ] Safepoint "ICBufferFull", Time since last: 427959173 ns, Reaching safepoint: 10612 ns, Cleanup: 87186 ns, At safepoint: 6453 ns, Total: 104251 ns
[2025-05-24T06:51:24.807+0000][69][info ][safepoint   ] Safepoint "Cleanup", Time since last: 1735886872 ns, Reaching safepoint: 84749 ns, Cleanup: 120868 ns, At safepoint: 32837 ns, Total: 238454 ns
[2025-05-24T06:51:25.809+0000][69][info ][safepoint   ] Safepoint "Cleanup", Time since last: 1001734887 ns, Reaching safepoint: 12492 ns, Cleanup: 59604 ns, At safepoint: 7599 ns, Total: 79695 ns
[2025-05-24T06:51:27.810+0000][69][info ][safepoint   ] Safepoint "Cleanup", Time since last: 2000804516 ns, Reaching safepoint: 17261 ns, Cleanup: 12444 ns, At safepoint: 6343 ns, Total: 36048 ns
[2025-05-24T06:51:28.813+0000][69][info ][safepoint   ] Safepoint "Cleanup", Time since last: 1002706013 ns, Reaching safepoint: 21116 ns, Cleanup: 13952 ns, At safepoint: 7470 ns, Total: 42538 ns
[2025-05-24T06:51:29.813+0000][69][info ][safepoint   ] Safepoint "Cleanup", Time since last: 1000429742 ns, Reaching safepoint: 18457 ns, Cleanup: 17771 ns, At safepoint: 8028 ns, Total: 44256 ns
[2025-05-24T06:51:30.814+0000][69][info ][safepoint   ] Safepoint "Cleanup", Time since last: 1000562668 ns, Reaching safepoint: 38208 ns, Cleanup: 19963 ns, At safepoint: 7478 ns, Total: 65649 ns
[2025-05-24T06:51:32.562+0000][69][info ][safepoint   ] Safepoint "Cleanup", Time since last: 1748484857 ns, Reaching safepoint: 23633 ns, Cleanup: 41253 ns, At safepoint: 8369 ns, Total: 73255 ns
[2025-05-24T06:51:33.566+0000][69][info ][safepoint   ] Safepoint "Cleanup", Time since last: 1003177310 ns, Reaching safepoint: 46929 ns, Cleanup: 14836 ns, At safepoint: 8207 ns, Total: 69972 ns
[2025-05-24T06:51:35.563+0000][69][info ][safepoint   ] Safepoint "Cleanup", Time since last: 2000954597 ns, Reaching safepoint: 16769 ns, Cleanup: 15521 ns, At safepoint: 8866 ns, Total: 41156 ns
[2025-05-24T06:51:37.566+0000][69][info ][safepoint   ] Safepoint "Cleanup", Time since last: 2002748596 ns, Reaching safepoint: 12058 ns, Cleanup: 17125 ns, At safepoint: 7323 ns, Total: 36506 ns
[2025-05-24T06:51:38.568+0000][69][info ][safepoint   ] Safepoint "Cleanup", Time since last: 1002021221 ns, Reaching safepoint: 11463 ns, Cleanup: 28672 ns, At safepoint: 7575 ns, Total: 47710 ns
[2025-05-24T06:51:39.569+0000][69][info ][safepoint   ] Safepoint "Cleanup", Time since last: 1000453653 ns, Reaching safepoint: 12572 ns, Cleanup: 12962 ns, At safepoint: 8047 ns, Total: 33581 ns
[2025-05-24T06:51:39.864+0000][69][info ][safepoint   ] Safepoint "ICBufferFull", Time since last: 295000849 ns, Reaching safepoint: 155042 ns, Cleanup: 171374 ns, At safepoint: 212699 ns, Total: 539115 ns
[2025-05-24T06:51:39.870+0000][69][info ][safepoint   ] Safepoint "ICBufferFull", Time since last: 5671758 ns, Reaching safepoint: 99574 ns, Cleanup: 12219 ns, At safepoint: 81108 ns, Total: 192901 ns
[2025-05-24T06:51:40.055+0000][69][info ][safepoint   ] Safepoint "ICBufferFull", Time since last: 184322093 ns, Reaching safepoint: 102899 ns, Cleanup: 89708 ns, At safepoint: 84300 ns, Total: 276907 ns
[2025-05-24T06:51:40.056+0000][69][info ][safepoint   ] Safepoint "ICBufferFull", Time since last: 1736444 ns, Reaching safepoint: 14152 ns, Cleanup: 6952 ns, At safepoint: 41701 ns, Total: 62805 ns
[2025-05-24T06:51:40.847+0000][69][info ][safepoint   ] Safepoint "ICBufferFull", Time since last: 789910721 ns, Reaching safepoint: 302701 ns, Cleanup: 134736 ns, At safepoint: 82327 ns, Total: 519764 ns
[2025-05-24T06:51:41.287+0000][69][info ][safepoint   ] Safepoint "ICBufferFull", Time since last: 440389698 ns, Reaching safepoint: 11107 ns, Cleanup: 91089 ns, At safepoint: 6543 ns, Total: 108739 ns
[2025-05-24T06:51:42.190+0000][69][info ][safepoint   ] Safepoint "ICBufferFull", Time since last: 902462959 ns, Reaching safepoint: 18483 ns, Cleanup: 112976 ns, At safepoint: 63404 ns, Total: 194863 ns
[2025-05-24T06:51:42.192+0000][69][info ][safepoint   ] Safepoint "ICBufferFull", Time since last: 1661968 ns, Reaching safepoint: 106345 ns, Cleanup: 9049 ns, At safepoint: 73111 ns, Total: 188505 ns
[2025-05-24T06:51:42.351+0000][69][info ][safepoint   ] Safepoint "ICBufferFull", Time since last: 158278845 ns, Reaching safepoint: 26955 ns, Cleanup: 151438 ns, At safepoint: 193551 ns, Total: 371944 ns
[2025-05-24T06:51:42.489+0000][69][info ][safepoint   ] Safepoint "ICBufferFull", Time since last: 138296152 ns, Reaching safepoint: 18847 ns, Cleanup: 108412 ns, At safepoint: 66203 ns, Total: 193462 ns
[2025-05-24T06:51:42.576+0000][69][info ][gc,start    ] GC(10) Pause Young (Normal) (G1 Evacuation Pause)
[2025-05-24T06:51:42.577+0000][69][info ][gc,task     ] GC(10) Using 10 workers of 10 for evacuation
[2025-05-24T06:51:42.579+0000][69][debug][gc,age      ] GC(10) Desired survivor size 56623104 bytes, new threshold 15 (max threshold 15)
[2025-05-24T06:51:42.617+0000][69][info ][gc,phases   ] GC(10)   Pre Evacuate Collection Set: 0.42ms
[2025-05-24T06:51:42.618+0000][69][info ][gc,phases   ] GC(10)   Merge Heap Roots: 0.16ms
[2025-05-24T06:51:42.620+0000][69][info ][gc,phases   ] GC(10)   Evacuate Collection Set: 32.04ms
[2025-05-24T06:51:42.620+0000][69][info ][gc,phases   ] GC(10)   Post Evacuate Collection Set: 4.54ms
[2025-05-24T06:51:42.621+0000][69][info ][gc,phases   ] GC(10)   Other: 3.03ms
[2025-05-24T06:51:42.622+0000][69][trace][gc,age      ] GC(10) Age table with threshold 15 (max threshold 15)
[2025-05-24T06:51:42.622+0000][69][trace][gc,age      ] GC(10) - age   1:   43903480 bytes,   43903480 total
[2025-05-24T06:51:42.623+0000][69][trace][gc,age      ] GC(10) - age   2:   20138776 bytes,   64042256 total
[2025-05-24T06:51:42.623+0000][69][trace][gc,age      ] GC(10) - age   3:   14273632 bytes,   78315888 total
[2025-05-24T06:51:42.623+0000][69][trace][gc,age      ] GC(10) - age   4:    6630184 bytes,   84946072 total
[2025-05-24T06:51:42.625+0000][69][trace][gc,age      ] GC(10) - age   5:    3714224 bytes,   88660296 total
[2025-05-24T06:51:42.625+0000][69][trace][gc,age      ] GC(10) - age   6:    4671544 bytes,   93331840 total
[2025-05-24T06:51:42.625+0000][69][info ][gc,heap     ] GC(10) Eden regions: 197->0(88)
[2025-05-24T06:51:42.626+0000][69][info ][gc,heap     ] GC(10) Survivor regions: 13->26(27)
[2025-05-24T06:51:42.626+0000][69][info ][gc,heap     ] GC(10) Old regions: 3->3
[2025-05-24T06:51:42.628+0000][69][info ][gc,heap     ] GC(10) Humongous regions: 0->0
[2025-05-24T06:51:42.629+0000][69][info ][gc,metaspace] GC(10) Metaspace: 136326K(140096K)->136326K(140096K) NonClass: 117123K(119168K)->117123K(119168K) Class: 19203K(20928K)->19203K(20928K)
[2025-05-24T06:51:42.629+0000][69][info ][gc          ] GC(10) Pause Young (Normal) (G1 Evacuation Pause) 850M->111M(3880M) 53.151ms
[2025-05-24T06:51:42.630+0000][69][info ][gc,cpu      ] GC(10) User=0.34s Sys=0.00s Real=0.06s
[2025-05-24T06:51:42.631+0000][69][info ][safepoint   ] Safepoint "G1CollectForAllocation", Time since last: 86746713 ns, Reaching safepoint: 17723 ns, Cleanup: 28609 ns, At safepoint: 54785539 ns, Total: 54831871 ns
[2025-05-24T06:51:42.866+0000][69][info ][safepoint   ] Safepoint "ICBufferFull", Time since last: 235715497 ns, Reaching safepoint: 14448 ns, Cleanup: 89805 ns, At safepoint: 23794 ns, Total: 128047 ns
[2025-05-24T06:51:43.219+0000][69][info ][safepoint   ] Safepoint "ICBufferFull", Time since last: 352110697 ns, Reaching safepoint: 26693 ns, Cleanup: 217565 ns, At safepoint: 71805 ns, Total: 316063 ns
[2025-05-24T06:51:45.108+0000][69][info ][safepoint   ] Safepoint "Cleanup", Time since last: 1888988941 ns, Reaching safepoint: 15791 ns, Cleanup: 107628 ns, At safepoint: 9332 ns, Total: 132751 ns
[2025-05-24T06:51:45.895+0000][69][info ][safepoint   ] Safepoint "ICBufferFull", Time since last: 786811846 ns, Reaching safepoint: 32224 ns, Cleanup: 157364 ns, At safepoint: 119097 ns, Total: 308685 ns
[2025-05-24T06:51:47.110+0000][69][info ][safepoint   ] Safepoint "ICBufferFull", Time since last: 1214961426 ns, Reaching safepoint: 29674 ns, Cleanup: 96950 ns, At safepoint: 6545 ns, Total: 133169 ns
[2025-05-24T06:51:48.119+0000][69][info ][safepoint   ] Safepoint "Cleanup", Time since last: 1008956545 ns, Reaching safepoint: 16239 ns, Cleanup: 25757 ns, At safepoint: 8253 ns, Total: 50249 ns
[2025-05-24T06:51:49.123+0000][69][info ][safepoint   ] Safepoint "Cleanup", Time since last: 1003856494 ns, Reaching safepoint: 10119 ns, Cleanup: 8706 ns, At safepoint: 25466 ns, Total: 44291 ns
[2025-05-24T06:51:50.122+0000][69][info ][gc,start    ] GC(11) Pause Young (Normal) (G1 Evacuation Pause)
[2025-05-24T06:51:50.130+0000][69][info ][gc,task     ] GC(11) Using 10 workers of 10 for evacuation
[2025-05-24T06:51:50.130+0000][69][debug][gc,age      ] GC(11) Desired survivor size 31457280 bytes, new threshold 1 (max threshold 15)
[2025-05-24T06:51:54.840+0000][69][info ][gc,mmu      ] GC(11) MMU target violated: 201.0ms (200.0ms/201.0ms)
[2025-05-24T06:51:54.841+0000][69][info ][gc,phases   ] GC(11)   Pre Evacuate Collection Set: 0.40ms
[2025-05-24T06:51:54.842+0000][69][info ][gc,phases   ] GC(11)   Merge Heap Roots: 0.14ms
[2025-05-24T06:51:54.842+0000][69][info ][gc,phases   ] GC(11)   Evacuate Collection Set: 4706.88ms
[2025-05-24T06:51:54.842+0000][69][info ][gc,phases   ] GC(11)   Post Evacuate Collection Set: 1.89ms
[2025-05-24T06:51:54.844+0000][69][info ][gc,phases   ] GC(11)   Other: 2.18ms
[2025-05-24T06:51:54.844+0000][69][trace][gc,age      ] GC(11) Age table with threshold 1 (max threshold 15)
[2025-05-24T06:51:54.845+0000][69][trace][gc,age      ] GC(11) - age   1:    1866168 bytes,    1866168 total
[2025-05-24T06:51:54.845+0000][69][info ][gc,heap     ] GC(11) Eden regions: 88->0(45)
[2025-05-24T06:51:54.845+0000][69][info ][gc,heap     ] GC(11) Survivor regions: 26->3(15)
[2025-05-24T06:51:54.845+0000][69][info ][gc,heap     ] GC(11) Old regions: 3->26
[2025-05-24T06:51:54.845+0000][69][info ][gc,heap     ] GC(11) Humongous regions: 0->0
[2025-05-24T06:51:54.846+0000][69][info ][gc,metaspace] GC(11) Metaspace: 137938K(141632K)->137938K(141632K) NonClass: 118591K(120576K)->118591K(120576K) Class: 19347K(21056K)->19347K(21056K)
[2025-05-24T06:51:54.846+0000][69][info ][gc          ] GC(11) Pause Young (Normal) (G1 Evacuation Pause) 463M->112M(3880M) 4723.520ms
[2025-05-24T06:51:54.846+0000][69][info ][gc,cpu      ] GC(11) User=0.92s Sys=0.00s Real=4.72s
[2025-05-24T06:51:54.847+0000][69][info ][safepoint   ] Safepoint "G1CollectForAllocation", Time since last: 999023773 ns, Reaching safepoint: 24499 ns, Cleanup: 83127 ns, At safepoint: 4724641356 ns, Total: 4724748982 ns
[2025-05-24T06:51:55.848+0000][69][info ][safepoint   ] Safepoint "Cleanup", Time since last: 1000693815 ns, Reaching safepoint: 198505 ns, Cleanup: 82526 ns, At safepoint: 46800 ns, Total: 327831 ns
[2025-05-24T06:51:56.863+0000][69][info ][safepoint   ] Safepoint "Cleanup", Time since last: 1014700692 ns, Reaching safepoint: 15417 ns, Cleanup: 24188 ns, At safepoint: 7935 ns, Total: 47540 ns
[2025-05-24T06:51:57.882+0000][69][info ][safepoint   ] Safepoint "Cleanup", Time since last: 1018897486 ns, Reaching safepoint: 16304 ns, Cleanup: 25248 ns, At safepoint: 70638 ns, Total: 112190 ns
[2025-05-24T06:51:58.882+0000][69][info ][safepoint   ] Safepoint "Cleanup", Time since last: 1000480071 ns, Reaching safepoint: 15342 ns, Cleanup: 19835 ns, At safepoint: 8398 ns, Total: 43575 ns
[2025-05-24T06:51:59.883+0000][69][info ][safepoint   ] Safepoint "Cleanup", Time since last: 1000815503 ns, Reaching safepoint: 16348 ns, Cleanup: 22702 ns, At safepoint: 7753 ns, Total: 46803 ns
[2025-05-24T06:52:00.884+0000][69][info ][safepoint   ] Safepoint "Cleanup", Time since last: 1001124402 ns, Reaching safepoint: 15581 ns, Cleanup: 31390 ns, At safepoint: 7736 ns, Total: 54707 ns
[2025-05-24T06:52:01.886+0000][69][info ][safepoint   ] Safepoint "Cleanup", Time since last: 1001241130 ns, Reaching safepoint: 42589 ns, Cleanup: 35135 ns, At safepoint: 23225 ns, Total: 100949 ns
[2025-05-24T06:52:02.886+0000][69][info ][safepoint   ] Safepoint "Cleanup", Time since last: 1000533485 ns, Reaching safepoint: 15284 ns, Cleanup: 20876 ns, At safepoint: 7155 ns, Total: 43315 ns
[2025-05-24T06:52:04.887+0000][69][info ][safepoint   ] Safepoint "Cleanup", Time since last: 2000393909 ns, Reaching safepoint: 15005 ns, Cleanup: 22369 ns, At safepoint: 6674 ns, Total: 44048 ns
[2025-05-24T06:52:05.885+0000][69][info ][safepoint   ] Safepoint "Cleanup", Time since last: 1000500416 ns, Reaching safepoint: 14577 ns, Cleanup: 22419 ns, At safepoint: 7416 ns, Total: 44412 ns
[2025-05-24T06:52:06.886+0000][69][info ][safepoint   ] Safepoint "Cleanup", Time since last: 1001124899 ns, Reaching safepoint: 16453 ns, Cleanup: 34612 ns, At safepoint: 8524 ns, Total: 59589 ns
[2025-05-24T06:52:08.866+0000][69][info ][safepoint   ] Safepoint "Cleanup", Time since last: 1979941683 ns, Reaching safepoint: 5816 ns, Cleanup: 129579 ns, At safepoint: 12728 ns, Total: 148123 ns
[2025-05-24T06:52:09.875+0000][69][info ][safepoint   ] Safepoint "Cleanup", Time since last: 1008444104 ns, Reaching safepoint: 14958 ns, Cleanup: 27767 ns, At safepoint: 7640 ns, Total: 50365 ns
[2025-05-24T06:52:10.876+0000][69][info ][safepoint   ] Safepoint "Cleanup", Time since last: 1001157900 ns, Reaching safepoint: 14643 ns, Cleanup: 29610 ns, At safepoint: 7809 ns, Total: 52062 ns
[2025-05-24T06:52:11.877+0000][69][info ][safepoint   ] Safepoint "Cleanup", Time since last: 1001107298 ns, Reaching safepoint: 15309 ns, Cleanup: 13795 ns, At safepoint: 7966 ns, Total: 37070 ns
[2025-05-24T06:52:12.878+0000][69][info ][safepoint   ] Safepoint "Cleanup", Time since last: 1000632374 ns, Reaching safepoint: 103742 ns, Cleanup: 20888 ns, At safepoint: 43654 ns, Total: 168284 ns
[2025-05-24T06:52:13.880+0000][69][info ][safepoint   ] Safepoint "Cleanup", Time since last: 1002407371 ns, Reaching safepoint: 5072 ns, Cleanup: 33390 ns, At safepoint: 2734 ns, Total: 41196 ns
[2025-05-24T06:52:14.888+0000][69][info ][safepoint   ] Safepoint "Cleanup", Time since last: 1007818537 ns, Reaching safepoint: 13804 ns, Cleanup: 40352 ns, At safepoint: 7016 ns, Total: 61172 ns
[2025-05-24T06:52:15.890+0000][69][info ][safepoint   ] Safepoint "Cleanup", Time since last: 1001486667 ns, Reaching safepoint: 5571 ns, Cleanup: 28430 ns, At safepoint: 3074 ns, Total: 37075 ns
[2025-05-24T06:52:16.904+0000][69][info ][safepoint   ] Safepoint "Cleanup", Time since last: 1014019043 ns, Reaching safepoint: 15625 ns, Cleanup: 28426 ns, At safepoint: 7687 ns, Total: 51738 ns
[2025-05-24T06:52:17.925+0000][69][info ][safepoint   ] Safepoint "Cleanup", Time since last: 1021266859 ns, Reaching safepoint: 36990 ns, Cleanup: 30272 ns, At safepoint: 8588 ns, Total: 75850 ns
[2025-05-24T06:52:19.927+0000][69][info ][safepoint   ] Safepoint "Cleanup", Time since last: 2002178508 ns, Reaching safepoint: 17022 ns, Cleanup: 23625 ns, At safepoint: 7876 ns, Total: 48523 ns
[2025-05-24T06:52:20.928+0000][69][info ][safepoint   ] Safepoint "Cleanup", Time since last: 1000381099 ns, Reaching safepoint: 15284 ns, Cleanup: 19849 ns, At safepoint: 8045 ns, Total: 43178 ns
[2025-05-24T06:52:22.929+0000][69][info ][safepoint   ] Safepoint "Cleanup", Time since last: 2000878767 ns, Reaching safepoint: 17890 ns, Cleanup: 20343 ns, At safepoint: 7748 ns, Total: 45981 ns
[2025-05-24T06:52:23.930+0000][69][info ][safepoint   ] Safepoint "Cleanup", Time since last: 1001566440 ns, Reaching safepoint: 16107 ns, Cleanup: 12347 ns, At safepoint: 7553 ns, Total: 36007 ns
[2025-05-24T06:52:24.931+0000][69][info ][safepoint   ] Safepoint "Cleanup", Time since last: 1001038865 ns, Reaching safepoint: 16052 ns, Cleanup: 23418 ns, At safepoint: 6997 ns, Total: 46467 ns
[2025-05-24T06:52:25.932+0000][69][info ][safepoint   ] Safepoint "Cleanup", Time since last: 1000632641 ns, Reaching safepoint: 16493 ns, Cleanup: 25751 ns, At safepoint: 7795 ns, Total: 50039 ns
[2025-05-24T06:52:27.934+0000][69][info ][safepoint   ] Safepoint "Cleanup", Time since last: 2001603012 ns, Reaching safepoint: 17201 ns, Cleanup: 19763 ns, At safepoint: 7659 ns, Total: 44623 ns
[2025-05-24T06:52:28.935+0000][69][info ][safepoint   ] Safepoint "Cleanup", Time since last: 1000996743 ns, Reaching safepoint: 15111 ns, Cleanup: 22097 ns, At safepoint: 8117 ns, Total: 45325 ns
[2025-05-24T06:52:29.935+0000][69][info ][safepoint   ] Safepoint "Cleanup", Time since last: 1000610806 ns, Reaching safepoint: 17211 ns, Cleanup: 15124 ns, At safepoint: 8882 ns, Total: 41217 ns
[2025-05-24T06:52:30.936+0000][69][info ][safepoint   ] Safepoint "Cleanup", Time since last: 1000527873 ns, Reaching safepoint: 17261 ns, Cleanup: 15030 ns, At safepoint: 8627 ns, Total: 40918 ns
[2025-05-24T06:52:32.596+0000][69][info ][safepoint   ] Safepoint "Cleanup", Time since last: 1659693402 ns, Reaching safepoint: 39605 ns, Cleanup: 49900 ns, At safepoint: 10860 ns, Total: 100365 ns
[2025-05-24T06:52:34.601+0000][69][info ][safepoint   ] Safepoint "Cleanup", Time since last: 2005060780 ns, Reaching safepoint: 15614 ns, Cleanup: 19003 ns, At safepoint: 8500 ns, Total: 43117 ns
[2025-05-24T06:52:35.599+0000][69][info ][safepoint   ] Safepoint "Cleanup", Time since last: 1000875918 ns, Reaching safepoint: 18901 ns, Cleanup: 25430 ns, At safepoint: 9084 ns, Total: 53415 ns
[2025-05-24T06:52:37.601+0000][69][info ][safepoint   ] Safepoint "Cleanup", Time since last: 2001788251 ns, Reaching safepoint: 83628 ns, Cleanup: 52253 ns, At safepoint: 17838 ns, Total: 153719 ns
[2025-05-24T06:52:40.151+0000][69][info ][safepoint   ] Safepoint "Cleanup", Time since last: 2550009038 ns, Reaching safepoint: 6224 ns, Cleanup: 38295 ns, At safepoint: 12170 ns, Total: 56689 ns
[2025-05-24T06:52:41.917+0000][69][info ][safepoint   ] Safepoint "Cleanup", Time since last: 1766370357 ns, Reaching safepoint: 29530 ns, Cleanup: 58557 ns, At safepoint: 17702 ns, Total: 105789 ns
[2025-05-24T06:52:42.918+0000][69][info ][safepoint   ] Safepoint "Cleanup", Time since last: 1000611262 ns, Reaching safepoint: 15304 ns, Cleanup: 81213 ns, At safepoint: 9600 ns, Total: 106117 ns
[2025-05-24T06:52:43.920+0000][69][info ][safepoint   ] Safepoint "Cleanup", Time since last: 1001346487 ns, Reaching safepoint: 5722 ns, Cleanup: 49741 ns, At safepoint: 14379 ns, Total: 69842 ns
[2025-05-24T06:52:44.934+0000][69][info ][safepoint   ] Safepoint "Cleanup", Time since last: 1013826753 ns, Reaching safepoint: 6001 ns, Cleanup: 81420 ns, At safepoint: 13238 ns, Total: 100659 ns
[2025-05-24T06:52:45.937+0000][69][info ][safepoint   ] Safepoint "Cleanup", Time since last: 1003647019 ns, Reaching safepoint: 18456 ns, Cleanup: 27215 ns, At safepoint: 88823 ns, Total: 134494 ns
[2025-05-24T06:52:46.938+0000][69][info ][safepoint   ] Safepoint "Cleanup", Time since last: 1000693571 ns, Reaching safepoint: 31863 ns, Cleanup: 23160 ns, At safepoint: 21623 ns, Total: 76646 ns
[2025-05-24T06:52:47.939+0000][69][info ][safepoint   ] Safepoint "Cleanup", Time since last: 1000692826 ns, Reaching safepoint: 42403 ns, Cleanup: 22357 ns, At safepoint: 24797 ns, Total: 89557 ns
[2025-05-24T06:52:49.941+0000][69][info ][safepoint   ] Safepoint "Cleanup", Time since last: 2001901872 ns, Reaching safepoint: 16104 ns, Cleanup: 35164 ns, At safepoint: 7312 ns, Total: 58580 ns
[2025-05-24T06:52:52.943+0000][69][info ][safepoint   ] Safepoint "Cleanup", Time since last: 3001918239 ns, Reaching safepoint: 17148 ns, Cleanup: 11154 ns, At safepoint: 7255 ns, Total: 35557 ns
[2025-05-24T06:52:54.944+0000][69][info ][safepoint   ] Safepoint "Cleanup", Time since last: 2001039750 ns, Reaching safepoint: 15134 ns, Cleanup: 19098 ns, At safepoint: 7812 ns, Total: 42044 ns
[2025-05-24T06:52:55.946+0000][69][info ][safepoint   ] Safepoint "Cleanup", Time since last: 1001676467 ns, Reaching safepoint: 96165 ns, Cleanup: 35589 ns, At safepoint: 18346 ns, Total: 150100 ns
[2025-05-24T06:52:56.947+0000][69][info ][safepoint   ] Safepoint "Cleanup", Time since last: 1001011387 ns, Reaching safepoint: 16408 ns, Cleanup: 13282 ns, At safepoint: 7044 ns, Total: 36734 ns
[2025-05-24T06:52:57.947+0000][69][info ][safepoint   ] Safepoint "Cleanup", Time since last: 1000570258 ns, Reaching safepoint: 17788 ns, Cleanup: 20142 ns, At safepoint: 8359 ns, Total: 46289 ns
[2025-05-24T06:52:58.949+0000][69][info ][safepoint   ] Safepoint "Cleanup", Time since last: 1001722139 ns, Reaching safepoint: 16684 ns, Cleanup: 21742 ns, At safepoint: 8366 ns, Total: 46792 ns
[2025-05-24T06:52:59.955+0000][69][info ][safepoint   ] Safepoint "Cleanup", Time since last: 1005843454 ns, Reaching safepoint: 15518 ns, Cleanup: 18286 ns, At safepoint: 8081 ns, Total: 41885 ns
[2025-05-24T06:53:00.959+0000][69][info ][safepoint   ] Safepoint "Cleanup", Time since last: 1004358991 ns, Reaching safepoint: 16351 ns, Cleanup: 18397 ns, At safepoint: 8693 ns, Total: 43441 ns
[2025-05-24T06:53:02.960+0000][69][info ][safepoint   ] Safepoint "Cleanup", Time since last: 2000729667 ns, Reaching safepoint: 18219 ns, Cleanup: 14394 ns, At safepoint: 7891 ns, Total: 40504 ns
[2025-05-24T06:53:04.962+0000][69][info ][safepoint   ] Safepoint "Cleanup", Time since last: 2001351540 ns, Reaching safepoint: 40108 ns, Cleanup: 16920 ns, At safepoint: 8928 ns, Total: 65956 ns
[2025-05-24T06:53:05.960+0000][69][info ][safepoint   ] Safepoint "Cleanup", Time since last: 1000888477 ns, Reaching safepoint: 14890 ns, Cleanup: 20603 ns, At safepoint: 8053 ns, Total: 43546 ns
[2025-05-24T06:53:07.961+0000][69][info ][safepoint   ] Safepoint "Cleanup", Time since last: 2001056309 ns, Reaching safepoint: 16044 ns, Cleanup: 54911 ns, At safepoint: 9980 ns, Total: 80935 ns
[2025-05-24T06:53:09.964+0000][69][info ][safepoint   ] Safepoint "Cleanup", Time since last: 2002580212 ns, Reaching safepoint: 15502 ns, Cleanup: 17114 ns, At safepoint: 7523 ns, Total: 40139 ns
[2025-05-24T06:53:10.965+0000][69][info ][safepoint   ] Safepoint "Cleanup", Time since last: 1000817370 ns, Reaching safepoint: 18552 ns, Cleanup: 18305 ns, At safepoint: 8508 ns, Total: 45365 ns
[2025-05-24T06:53:12.966+0000][69][info ][safepoint   ] Safepoint "Cleanup", Time since last: 2001520908 ns, Reaching safepoint: 14760 ns, Cleanup: 31764 ns, At safepoint: 7997 ns, Total: 54521 ns
[2025-05-24T06:53:13.967+0000][69][info ][safepoint   ] Safepoint "Cleanup", Time since last: 1000744191 ns, Reaching safepoint: 16457 ns, Cleanup: 23084 ns, At safepoint: 8854 ns, Total: 48395 ns
[2025-05-24T06:53:14.968+0000][69][info ][safepoint   ] Safepoint "Cleanup", Time since last: 1000567922 ns, Reaching safepoint: 16291 ns, Cleanup: 15738 ns, At safepoint: 8817 ns, Total: 40846 ns
[2025-05-24T06:53:15.969+0000][69][info ][safepoint   ] Safepoint "Cleanup", Time since last: 1000777830 ns, Reaching safepoint: 20136 ns, Cleanup: 14413 ns, At safepoint: 8759 ns, Total: 43308 ns
[2025-05-24T06:53:17.970+0000][69][info ][safepoint   ] Safepoint "Cleanup", Time since last: 2001114566 ns, Reaching safepoint: 23923 ns, Cleanup: 13061 ns, At safepoint: 8725 ns, Total: 45709 ns
[2025-05-24T06:53:19.971+0000][69][info ][safepoint   ] Safepoint "Cleanup", Time since last: 2001304720 ns, Reaching safepoint: 53112 ns, Cleanup: 20622 ns, At safepoint: 8745 ns, Total: 82479 ns
[2025-05-24T06:53:20.972+0000][69][info ][safepoint   ] Safepoint "Cleanup", Time since last: 1000962970 ns, Reaching safepoint: 22829 ns, Cleanup: 16379 ns, At safepoint: 10363 ns, Total: 49571 ns
[2025-05-24T06:53:22.973+0000][69][info ][safepoint   ] Safepoint "Cleanup", Time since last: 2000932799 ns, Reaching safepoint: 20828 ns, Cleanup: 19388 ns, At safepoint: 7665 ns, Total: 47881 ns
[2025-05-24T06:53:24.974+0000][69][info ][safepoint   ] Safepoint "Cleanup", Time since last: 2000805404 ns, Reaching safepoint: 18141 ns, Cleanup: 18483 ns, At safepoint: 8312 ns, Total: 44936 ns
[2025-05-24T06:53:25.975+0000][69][info ][safepoint   ] Safepoint "Cleanup", Time since last: 1000658828 ns, Reaching safepoint: 15925 ns, Cleanup: 35242 ns, At safepoint: 7941 ns, Total: 59108 ns
[2025-05-24T06:53:27.976+0000][69][info ][safepoint   ] Safepoint "Cleanup", Time since last: 2001085507 ns, Reaching safepoint: 18989 ns, Cleanup: 40342 ns, At safepoint: 11211 ns, Total: 70542 ns
[2025-05-24T06:53:28.977+0000][69][info ][safepoint   ] Safepoint "Cleanup", Time since last: 1000930028 ns, Reaching safepoint: 16253 ns, Cleanup: 15372 ns, At safepoint: 9402 ns, Total: 41027 ns
[2025-05-24T06:53:29.978+0000][69][info ][safepoint   ] Safepoint "Cleanup", Time since last: 1000704548 ns, Reaching safepoint: 18489 ns, Cleanup: 31823 ns, At safepoint: 9828 ns, Total: 60140 ns
[2025-05-24T06:53:30.978+0000][69][info ][safepoint   ] Safepoint "Cleanup", Time since last: 1000691702 ns, Reaching safepoint: 19008 ns, Cleanup: 19191 ns, At safepoint: 8386 ns, Total: 46585 ns
[2025-05-24T06:53:32.634+0000][69][info ][safepoint   ] Safepoint "Cleanup", Time since last: 1655403409 ns, Reaching safepoint: 20281 ns, Cleanup: 20899 ns, At safepoint: 9064 ns, Total: 50244 ns
[2025-05-24T06:53:34.635+0000][69][info ][safepoint   ] Safepoint "Cleanup", Time since last: 2001089035 ns, Reaching safepoint: 39321 ns, Cleanup: 12103 ns, At safepoint: 8147 ns, Total: 59571 ns
[2025-05-24T06:53:35.634+0000][69][info ][safepoint   ] Safepoint "Cleanup", Time since last: 1001996352 ns, Reaching safepoint: 15724 ns, Cleanup: 16916 ns, At safepoint: 7883 ns, Total: 40523 ns
[2025-05-24T06:53:37.636+0000][69][info ][safepoint   ] Safepoint "Cleanup", Time since last: 2001262607 ns, Reaching safepoint: 16428 ns, Cleanup: 18902 ns, At safepoint: 8117 ns, Total: 43447 ns
[2025-05-24T06:53:38.636+0000][69][info ][safepoint   ] Safepoint "Cleanup", Time since last: 1000728946 ns, Reaching safepoint: 17726 ns, Cleanup: 15762 ns, At safepoint: 8884 ns, Total: 42372 ns
[2025-05-24T06:53:39.637+0000][69][info ][safepoint   ] Safepoint "Cleanup", Time since last: 1000837356 ns, Reaching safepoint: 30232 ns, Cleanup: 18501 ns, At safepoint: 18702 ns, Total: 67435 ns
[2025-05-24T06:53:40.638+0000][69][info ][safepoint   ] Safepoint "Cleanup", Time since last: 1000901809 ns, Reaching safepoint: 16713 ns, Cleanup: 20643 ns, At safepoint: 7804 ns, Total: 45160 ns
[2025-05-24T06:53:42.640+0000][69][info ][safepoint   ] Safepoint "Cleanup", Time since last: 2001159204 ns, Reaching safepoint: 15849 ns, Cleanup: 31471 ns, At safepoint: 8449 ns, Total: 55769 ns
[2025-05-24T06:53:43.641+0000][69][info ][safepoint   ] Safepoint "Cleanup", Time since last: 1001143464 ns, Reaching safepoint: 16397 ns, Cleanup: 17313 ns, At safepoint: 7465 ns, Total: 41175 ns
[2025-05-24T06:53:44.642+0000][69][info ][safepoint   ] Safepoint "Cleanup", Time since last: 1000891375 ns, Reaching safepoint: 15284 ns, Cleanup: 13392 ns, At safepoint: 7945 ns, Total: 36621 ns
[2025-05-24T06:53:45.643+0000][69][info ][safepoint   ] Safepoint "Cleanup", Time since last: 1000935670 ns, Reaching safepoint: 14859 ns, Cleanup: 21343 ns, At safepoint: 7642 ns, Total: 43844 ns
[2025-05-24T06:53:46.961+0000][69][info ][safepoint   ] Safepoint "Cleanup", Time since last: 1317891516 ns, Reaching safepoint: 6179 ns, Cleanup: 38630 ns, At safepoint: 2997 ns, Total: 47806 ns
[2025-05-24T06:53:47.968+0000][69][info ][safepoint   ] Safepoint "Cleanup", Time since last: 1007570022 ns, Reaching safepoint: 14974 ns, Cleanup: 16255 ns, At safepoint: 7939 ns, Total: 39168 ns
[2025-05-24T06:53:49.969+0000][69][info ][safepoint   ] Safepoint "Cleanup", Time since last: 2000802157 ns, Reaching safepoint: 37292 ns, Cleanup: 15736 ns, At safepoint: 22385 ns, Total: 75413 ns
[2025-05-24T06:53:50.970+0000][69][info ][safepoint   ] Safepoint "Cleanup", Time since last: 1000436980 ns, Reaching safepoint: 17421 ns, Cleanup: 23743 ns, At safepoint: 7082 ns, Total: 48246 ns
[2025-05-24T06:53:55.971+0000][69][info ][safepoint   ] Safepoint "Cleanup", Time since last: 5001098586 ns, Reaching safepoint: 15916 ns, Cleanup: 25160 ns, At safepoint: 8495 ns, Total: 49571 ns
[2025-05-24T06:53:57.976+0000][69][info ][safepoint   ] Safepoint "Cleanup", Time since last: 2005529411 ns, Reaching safepoint: 20929 ns, Cleanup: 16489 ns, At safepoint: 8989 ns, Total: 46407 ns
[2025-05-24T06:53:58.977+0000][69][info ][safepoint   ] Safepoint "Cleanup", Time since last: 1000824943 ns, Reaching safepoint: 19291 ns, Cleanup: 24787 ns, At safepoint: 9707 ns, Total: 53785 ns
[2025-05-24T06:54:04.979+0000][69][info ][safepoint   ] Safepoint "Cleanup", Time since last: 6001394379 ns, Reaching safepoint: 52095 ns, Cleanup: 22579 ns, At safepoint: 8534 ns, Total: 83208 ns
[2025-05-24T06:54:05.977+0000][69][info ][safepoint   ] Safepoint "Cleanup", Time since last: 1000621241 ns, Reaching safepoint: 17143 ns, Cleanup: 16913 ns, At safepoint: 8972 ns, Total: 43028 ns
[2025-05-24T06:54:06.978+0000][69][info ][safepoint   ] Safepoint "Cleanup", Time since last: 1000944538 ns, Reaching safepoint: 17414 ns, Cleanup: 13819 ns, At safepoint: 9554 ns, Total: 40787 ns
[2025-05-24T06:54:07.979+0000][69][info ][safepoint   ] Safepoint "Cleanup", Time since last: 1000880848 ns, Reaching safepoint: 17943 ns, Cleanup: 22135 ns, At safepoint: 7373 ns, Total: 47451 ns
[2025-05-24T06:54:10.980+0000][69][info ][safepoint   ] Safepoint "Cleanup", Time since last: 3001647397 ns, Reaching safepoint: 16971 ns, Cleanup: 11623 ns, At safepoint: 7614 ns, Total: 36208 ns
[2025-05-24T06:54:12.982+0000][69][info ][safepoint   ] Safepoint "Cleanup", Time since last: 2001156736 ns, Reaching safepoint: 15628 ns, Cleanup: 16655 ns, At safepoint: 7967 ns, Total: 40250 ns
[2025-05-24T06:54:13.982+0000][69][info ][safepoint   ] Safepoint "Cleanup", Time since last: 1000809736 ns, Reaching safepoint: 16943 ns, Cleanup: 22003 ns, At safepoint: 9213 ns, Total: 48159 ns
[2025-05-24T06:54:15.983+0000][69][info ][safepoint   ] Safepoint "Cleanup", Time since last: 2000828031 ns, Reaching safepoint: 17986 ns, Cleanup: 15726 ns, At safepoint: 7575 ns, Total: 41287 ns
[2025-05-24T06:54:16.986+0000][69][info ][safepoint   ] Safepoint "Cleanup", Time since last: 1002575454 ns, Reaching safepoint: 18738 ns, Cleanup: 15348 ns, At safepoint: 9051 ns, Total: 43137 ns
[2025-05-24T06:54:17.987+0000][69][info ][safepoint   ] Safepoint "Cleanup", Time since last: 1000889814 ns, Reaching safepoint: 15957 ns, Cleanup: 13988 ns, At safepoint: 44266 ns, Total: 74211 ns
[2025-05-24T06:54:19.989+0000][69][info ][safepoint   ] Safepoint "Cleanup", Time since last: 2001871029 ns, Reaching safepoint: 28201 ns, Cleanup: 18804 ns, At safepoint: 9336 ns, Total: 56341 ns
[2025-05-24T06:54:20.989+0000][69][info ][safepoint   ] Safepoint "Cleanup", Time since last: 1000605949 ns, Reaching safepoint: 16506 ns, Cleanup: 14861 ns, At safepoint: 8069 ns, Total: 39436 ns
[2025-05-24T06:54:22.990+0000][69][info ][safepoint   ] Safepoint "Cleanup", Time since last: 2000692333 ns, Reaching safepoint: 25018 ns, Cleanup: 20470 ns, At safepoint: 8241 ns, Total: 53729 ns
[2025-05-24T06:54:24.991+0000][69][info ][safepoint   ] Safepoint "Cleanup", Time since last: 2000642334 ns, Reaching safepoint: 17182 ns, Cleanup: 15567 ns, At safepoint: 7638 ns, Total: 40387 ns
[2025-05-24T06:54:25.992+0000][69][info ][safepoint   ] Safepoint "Cleanup", Time since last: 1000691139 ns, Reaching safepoint: 16113 ns, Cleanup: 25499 ns, At safepoint: 7795 ns, Total: 49407 ns
[2025-05-24T06:54:26.993+0000][69][info ][safepoint   ] Safepoint "Cleanup", Time since last: 1000960399 ns, Reaching safepoint: 14314 ns, Cleanup: 11524 ns, At safepoint: 6690 ns, Total: 32528 ns
[2025-05-24T06:54:27.994+0000][69][info ][safepoint   ] Safepoint "Cleanup", Time since last: 1000906741 ns, Reaching safepoint: 17292 ns, Cleanup: 13685 ns, At safepoint: 8262 ns, Total: 39239 ns
[2025-05-24T06:54:30.995+0000][69][info ][safepoint   ] Safepoint "Cleanup", Time since last: 3001838326 ns, Reaching safepoint: 17963 ns, Cleanup: 16699 ns, At safepoint: 8744 ns, Total: 43406 ns
[2025-05-24T06:54:32.667+0000][69][info ][safepoint   ] Safepoint "Cleanup", Time since last: 1671095698 ns, Reaching safepoint: 32858 ns, Cleanup: 21822 ns, At safepoint: 19887 ns, Total: 74567 ns
[2025-05-24T06:54:34.667+0000][69][info ][safepoint   ] Safepoint "Cleanup", Time since last: 2000676923 ns, Reaching safepoint: 16128 ns, Cleanup: 12970 ns, At safepoint: 7281 ns, Total: 36379 ns
[2025-05-24T06:54:35.665+0000][69][info ][safepoint   ] Safepoint "Cleanup", Time since last: 1000434325 ns, Reaching safepoint: 42709 ns, Cleanup: 18012 ns, At safepoint: 8939 ns, Total: 69660 ns
[2025-05-24T06:54:36.666+0000][69][info ][safepoint   ] Safepoint "Cleanup", Time since last: 1000614588 ns, Reaching safepoint: 19710 ns, Cleanup: 15350 ns, At safepoint: 7776 ns, Total: 42836 ns
[2025-05-24T06:54:37.667+0000][69][info ][safepoint   ] Safepoint "Cleanup", Time since last: 1000831282 ns, Reaching safepoint: 17095 ns, Cleanup: 23235 ns, At safepoint: 8233 ns, Total: 48563 ns
[2025-05-24T06:54:39.669+0000][69][info ][safepoint   ] Safepoint "Cleanup", Time since last: 2002165994 ns, Reaching safepoint: 15731 ns, Cleanup: 23605 ns, At safepoint: 7710 ns, Total: 47046 ns
[2025-05-24T06:54:40.670+0000][69][info ][safepoint   ] Safepoint "Cleanup", Time since last: 1000918329 ns, Reaching safepoint: 17449 ns, Cleanup: 21086 ns, At safepoint: 7610 ns, Total: 46145 ns
[2025-05-24T06:54:42.671+0000][69][info ][safepoint   ] Safepoint "Cleanup", Time since last: 2001252554 ns, Reaching safepoint: 16898 ns, Cleanup: 31821 ns, At safepoint: 8130 ns, Total: 56849 ns
[2025-05-24T06:54:43.672+0000][69][info ][safepoint   ] Safepoint "Cleanup", Time since last: 1000813966 ns, Reaching safepoint: 18493 ns, Cleanup: 16447 ns, At safepoint: 8166 ns, Total: 43106 ns
[2025-05-24T06:54:45.674+0000][69][info ][safepoint   ] Safepoint "Cleanup", Time since last: 2002022279 ns, Reaching safepoint: 30302 ns, Cleanup: 27559 ns, At safepoint: 17822 ns, Total: 75683 ns
[2025-05-24T06:54:46.675+0000][69][info ][safepoint   ] Safepoint "Cleanup", Time since last: 1000882590 ns, Reaching safepoint: 15659 ns, Cleanup: 15953 ns, At safepoint: 7925 ns, Total: 39537 ns
[2025-05-24T06:54:47.676+0000][69][info ][safepoint   ] Safepoint "Cleanup", Time since last: 1000799346 ns, Reaching safepoint: 14867 ns, Cleanup: 22825 ns, At safepoint: 7316 ns, Total: 45008 ns
[2025-05-24T06:54:49.128+0000][69][info ][gc,start    ] GC(12) Pause Young (Normal) (G1 Evacuation Pause)
[2025-05-24T06:54:49.128+0000][69][info ][gc,task     ] GC(12) Using 10 workers of 10 for evacuation
[2025-05-24T06:54:49.129+0000][69][debug][gc,age      ] GC(12) Desired survivor size 12582912 bytes, new threshold 15 (max threshold 15)
[2025-05-24T06:54:49.137+0000][69][info ][gc,phases   ] GC(12)   Pre Evacuate Collection Set: 1.04ms
[2025-05-24T06:54:49.138+0000][69][info ][gc,phases   ] GC(12)   Merge Heap Roots: 0.47ms
[2025-05-24T06:54:49.140+0000][69][info ][gc,phases   ] GC(12)   Evacuate Collection Set: 4.47ms
[2025-05-24T06:54:49.142+0000][69][info ][gc,phases   ] GC(12)   Post Evacuate Collection Set: 1.40ms
[2025-05-24T06:54:49.144+0000][69][info ][gc,phases   ] GC(12)   Other: 0.98ms
[2025-05-24T06:54:49.144+0000][69][trace][gc,age      ] GC(12) Age table with threshold 15 (max threshold 15)
[2025-05-24T06:54:49.145+0000][69][trace][gc,age      ] GC(12) - age   1:    1950624 bytes,    1950624 total
[2025-05-24T06:54:49.145+0000][69][trace][gc,age      ] GC(12) - age   2:     749536 bytes,    2700160 total
[2025-05-24T06:54:49.146+0000][69][info ][gc,heap     ] GC(12) Eden regions: 45->0(46)
[2025-05-24T06:54:49.147+0000][69][info ][gc,heap     ] GC(12) Survivor regions: 3->2(6)
[2025-05-24T06:54:49.147+0000][69][info ][gc,heap     ] GC(12) Old regions: 26->26
[2025-05-24T06:54:49.148+0000][69][info ][gc,heap     ] GC(12) Humongous regions: 0->0
[2025-05-24T06:54:49.149+0000][69][info ][gc,metaspace] GC(12) Metaspace: 139905K(143680K)->139905K(143680K) NonClass: 120458K(122496K)->120458K(122496K) Class: 19446K(21184K)->19446K(21184K)
[2025-05-24T06:54:49.150+0000][69][info ][gc          ] GC(12) Pause Young (Normal) (G1 Evacuation Pause) 292M->106M(3880M) 22.395ms
[2025-05-24T06:54:49.151+0000][69][info ][gc,cpu      ] GC(12) User=0.04s Sys=0.00s Real=0.02s
[2025-05-24T06:54:49.152+0000][69][info ][safepoint   ] Safepoint "G1CollectForAllocation", Time since last: 1451504032 ns, Reaching safepoint: 11427 ns, Cleanup: 8550 ns, At safepoint: 24744097 ns, Total: 24764074 ns
[2025-05-24T06:54:51.005+0000][69][info ][safepoint   ] Safepoint "Cleanup", Time since last: 1852578374 ns, Reaching safepoint: 37541 ns, Cleanup: 41282 ns, At safepoint: 9410 ns, Total: 88233 ns
[2025-05-24T06:54:53.008+0000][69][info ][safepoint   ] Safepoint "Cleanup", Time since last: 2003182727 ns, Reaching safepoint: 14838 ns, Cleanup: 13396 ns, At safepoint: 7616 ns, Total: 35850 ns
[2025-05-24T06:54:55.012+0000][69][info ][safepoint   ] Safepoint "Cleanup", Time since last: 2004220908 ns, Reaching safepoint: 18814 ns, Cleanup: 22513 ns, At safepoint: 8848 ns, Total: 50175 ns
[2025-05-24T06:54:56.013+0000][69][info ][safepoint   ] Safepoint "Cleanup", Time since last: 1000896404 ns, Reaching safepoint: 17971 ns, Cleanup: 21341 ns, At safepoint: 9045 ns, Total: 48357 ns
[2025-05-24T06:54:58.015+0000][69][info ][safepoint   ] Safepoint "Cleanup", Time since last: 2001118836 ns, Reaching safepoint: 749972 ns, Cleanup: 24721 ns, At safepoint: 17420 ns, Total: 792113 ns
[2025-05-24T06:55:00.016+0000][69][info ][safepoint   ] Safepoint "Cleanup", Time since last: 2001200885 ns, Reaching safepoint: 18397 ns, Cleanup: 16510 ns, At safepoint: 8839 ns, Total: 43746 ns
[2025-05-24T06:55:02.021+0000][69][info ][safepoint   ] Safepoint "Cleanup", Time since last: 2004401239 ns, Reaching safepoint: 15213 ns, Cleanup: 13469 ns, At safepoint: 7981 ns, Total: 36663 ns
[2025-05-24T06:55:05.022+0000][69][info ][safepoint   ] Safepoint "Cleanup", Time since last: 3001473856 ns, Reaching safepoint: 15336 ns, Cleanup: 16429 ns, At safepoint: 8190 ns, Total: 39955 ns
[2025-05-24T06:55:06.021+0000][69][info ][safepoint   ] Safepoint "Cleanup", Time since last: 1001072697 ns, Reaching safepoint: 15305 ns, Cleanup: 14122 ns, At safepoint: 7934 ns, Total: 37361 ns
[2025-05-24T06:55:07.022+0000][69][info ][safepoint   ] Safepoint "Cleanup", Time since last: 1000902990 ns, Reaching safepoint: 131972 ns, Cleanup: 18312 ns, At safepoint: 19391 ns, Total: 169675 ns
[2025-05-24T06:55:08.023+0000][69][info ][safepoint   ] Safepoint "Cleanup", Time since last: 1000644113 ns, Reaching safepoint: 18061 ns, Cleanup: 14938 ns, At safepoint: 10105 ns, Total: 43104 ns
[2025-05-24T06:55:11.024+0000][69][info ][safepoint   ] Safepoint "Cleanup", Time since last: 3001085726 ns, Reaching safepoint: 14632 ns, Cleanup: 13888 ns, At safepoint: 7483 ns, Total: 36003 ns
[2025-05-24T06:55:13.025+0000][69][info ][safepoint   ] Safepoint "Cleanup", Time since last: 2001301092 ns, Reaching safepoint: 17224 ns, Cleanup: 22449 ns, At safepoint: 6679 ns, Total: 46352 ns
[2025-05-24T06:55:15.027+0000][69][info ][safepoint   ] Safepoint "Cleanup", Time since last: 2001268907 ns, Reaching safepoint: 15220 ns, Cleanup: 13263 ns, At safepoint: 7904 ns, Total: 36387 ns
[2025-05-24T06:55:17.028+0000][69][info ][safepoint   ] Safepoint "Cleanup", Time since last: 2001054231 ns, Reaching safepoint: 16151 ns, Cleanup: 16153 ns, At safepoint: 7821 ns, Total: 40125 ns
[2025-05-24T06:55:18.029+0000][69][info ][safepoint   ] Safepoint "Cleanup", Time since last: 1000790105 ns, Reaching safepoint: 18339 ns, Cleanup: 12702 ns, At safepoint: 8554 ns, Total: 39595 ns
[2025-05-24T06:55:20.029+0000][69][info ][safepoint   ] Safepoint "Cleanup", Time since last: 2000849413 ns, Reaching safepoint: 17712 ns, Cleanup: 15619 ns, At safepoint: 7984 ns, Total: 41315 ns
[2025-05-24T06:55:25.031+0000][69][info ][safepoint   ] Safepoint "Cleanup", Time since last: 5001614191 ns, Reaching safepoint: 59421 ns, Cleanup: 17602 ns, At safepoint: 8926 ns, Total: 85949 ns
[2025-05-24T06:55:28.032+0000][69][info ][safepoint   ] Safepoint "Cleanup", Time since last: 3001308194 ns, Reaching safepoint: 16801 ns, Cleanup: 15444 ns, At safepoint: 18587 ns, Total: 50832 ns
[2025-05-24T06:55:29.033+0000][69][info ][safepoint   ] Safepoint "Cleanup", Time since last: 1000773442 ns, Reaching safepoint: 15771 ns, Cleanup: 13552 ns, At safepoint: 7818 ns, Total: 37141 ns
[2025-05-24T06:55:31.035+0000][69][info ][safepoint   ] Safepoint "Cleanup", Time since last: 2001312359 ns, Reaching safepoint: 19724 ns, Cleanup: 18208 ns, At safepoint: 7676 ns, Total: 45608 ns
[2025-05-24T06:55:32.706+0000][69][info ][safepoint   ] Safepoint "Cleanup", Time since last: 1671566565 ns, Reaching safepoint: 15350 ns, Cleanup: 30873 ns, At safepoint: 8552 ns, Total: 54775 ns
[2025-05-24T06:55:34.708+0000][69][info ][safepoint   ] Safepoint "Cleanup", Time since last: 2001163085 ns, Reaching safepoint: 22755 ns, Cleanup: 20078 ns, At safepoint: 10984 ns, Total: 53817 ns
[2025-05-24T06:55:35.706+0000][69][info ][safepoint   ] Safepoint "Cleanup", Time since last: 1001203037 ns, Reaching safepoint: 16554 ns, Cleanup: 11775 ns, At safepoint: 7555 ns, Total: 35884 ns
[2025-05-24T06:55:37.707+0000][69][info ][safepoint   ] Safepoint "Cleanup", Time since last: 2000993667 ns, Reaching safepoint: 39260 ns, Cleanup: 13301 ns, At safepoint: 9462 ns, Total: 62023 ns
[2025-05-24T06:55:39.708+0000][69][info ][safepoint   ] Safepoint "Cleanup", Time since last: 2001025236 ns, Reaching safepoint: 19534 ns, Cleanup: 13317 ns, At safepoint: 8574 ns, Total: 41425 ns
[2025-05-24T06:55:40.710+0000][69][info ][safepoint   ] Safepoint "Cleanup", Time since last: 1001552053 ns, Reaching safepoint: 16322 ns, Cleanup: 12396 ns, At safepoint: 7115 ns, Total: 35833 ns
[2025-05-24T06:55:42.711+0000][69][info ][safepoint   ] Safepoint "Cleanup", Time since last: 2000756265 ns, Reaching safepoint: 19334 ns, Cleanup: 24650 ns, At safepoint: 8710 ns, Total: 52694 ns
